{
"contracts/Raffle.sol":{"l":{"57":0,"58":0,"59":0,"60":0,"61":0,"62":0,"63":0,"64":0,"69":0,"70":0,"72":0,"73":0,"75":0,"77":0,"83":0,"84":0,"85":0,"86":0,"87":0,"91":0,"93":0,"95":0,"101":0,"102":0,"109":0,"118":0,"119":0,"122":0,"125":0,"126":0,"127":0,"129":0,"130":0,"131":0,"135":0,"141":0,"145":0,"149":0,"153":0,"157":0,"161":0},"path":"/Users/trungtran/Documents/Solidity/hardhat-fcc/hardhat-lottery/contracts/Raffle.sol","s":{"1":0,"2":0,"3":0,"4":0,"5":0,"6":0,"7":0,"8":0,"9":0,"10":0,"11":0,"12":0,"13":0,"14":0,"15":0,"16":0,"17":0,"18":0,"19":0,"20":0,"21":0,"22":0,"23":0},"b":{"1":[0,0],"2":[0,0],"3":[0,0],"4":[0,0]},"f":{"1":0,"2":0,"3":0,"4":0,"5":0,"6":0,"7":0,"8":0,"9":0,"10":0,"11":0},"fnMap":{"1":{"name":"constructor","line":56,"loc":{"start":{"line":49,"column":4},"end":{"line":65,"column":4}}},"2":{"name":"enterRaffle","line":68,"loc":{"start":{"line":68,"column":4},"end":{"line":78,"column":4}}},"3":{"name":"checkUpkeep","line":80,"loc":{"start":{"line":80,"column":4},"end":{"line":88,"column":4}}},"4":{"name":"performUpkeep","line":90,"loc":{"start":{"line":90,"column":4},"end":{"line":110,"column":4}}},"5":{"name":"fulfillRandomWords","line":113,"loc":{"start":{"line":113,"column":4},"end":{"line":136,"column":4}}},"6":{"name":"getEntranceFee","line":140,"loc":{"start":{"line":140,"column":4},"end":{"line":142,"column":4}}},"7":{"name":"getRecentWinner","line":144,"loc":{"start":{"line":144,"column":4},"end":{"line":146,"column":4}}},"8":{"name":"getRaffleState","line":148,"loc":{"start":{"line":148,"column":4},"end":{"line":150,"column":4}}},"9":{"name":"getNumWords","line":152,"loc":{"start":{"line":152,"column":4},"end":{"line":154,"column":4}}},"10":{"name":"getInterval","line":156,"loc":{"start":{"line":156,"column":4},"end":{"line":158,"column":4}}},"11":{"name":"getPlayerWithIndex","line":160,"loc":{"start":{"line":160,"column":4},"end":{"line":162,"column":4}}}},"statementMap":{"1":{"start":{"line":69,"column":8},"end":{"line":69,"column":2329}},"2":{"start":{"line":72,"column":8},"end":{"line":72,"column":2430}},"3":{"start":{"line":75,"column":8},"end":{"line":75,"column":42}},"4":{"start":{"line":77,"column":8},"end":{"line":77,"column":36}},"5":{"start":{"line":83,"column":8},"end":{"line":83,"column":57}},"6":{"start":{"line":84,"column":8},"end":{"line":84,"column":76}},"7":{"start":{"line":85,"column":8},"end":{"line":85,"column":45}},"8":{"start":{"line":86,"column":8},"end":{"line":86,"column":51}},"9":{"start":{"line":91,"column":8},"end":{"line":91,"column":47}},"10":{"start":{"line":93,"column":8},"end":{"line":93,"column":3210}},"11":{"start":{"line":102,"column":8},"end":{"line":102,"column":3554}},"12":{"start":{"line":109,"column":8},"end":{"line":109,"column":45}},"13":{"start":{"line":118,"column":8},"end":{"line":118,"column":65}},"14":{"start":{"line":119,"column":8},"end":{"line":119,"column":63}},"15":{"start":{"line":129,"column":8},"end":{"line":129,"column":78}},"16":{"start":{"line":130,"column":8},"end":{"line":130,"column":4766}},"17":{"start":{"line":135,"column":8},"end":{"line":135,"column":39}},"18":{"start":{"line":141,"column":8},"end":{"line":141,"column":28}},"19":{"start":{"line":145,"column":8},"end":{"line":145,"column":29}},"20":{"start":{"line":149,"column":8},"end":{"line":149,"column":28}},"21":{"start":{"line":153,"column":8},"end":{"line":153,"column":24}},"22":{"start":{"line":157,"column":8},"end":{"line":157,"column":25}},"23":{"start":{"line":161,"column":8},"end":{"line":161,"column":31}}},"branchMap":{"1":{"line":69,"type":"if","locations":[{"start":{"line":69,"column":8},"end":{"line":69,"column":8}},{"start":{"line":69,"column":8},"end":{"line":69,"column":8}}]},"2":{"line":72,"type":"if","locations":[{"start":{"line":72,"column":8},"end":{"line":72,"column":8}},{"start":{"line":72,"column":8},"end":{"line":72,"column":8}}]},"3":{"line":93,"type":"if","locations":[{"start":{"line":93,"column":8},"end":{"line":93,"column":8}},{"start":{"line":93,"column":8},"end":{"line":93,"column":8}}]},"4":{"line":130,"type":"if","locations":[{"start":{"line":130,"column":8},"end":{"line":130,"column":8}},{"start":{"line":130,"column":8},"end":{"line":130,"column":8}}]}}},
"contracts/tests/VRFCoordinatorV2Mock.sol":{"l":{},"path":"/Users/trungtran/Documents/Solidity/hardhat-fcc/hardhat-lottery/contracts/tests/VRFCoordinatorV2Mock.sol","s":{},"b":{},"f":{},"fnMap":{},"statementMap":{},"branchMap":{}}}
