TN:
SF:/Users/trungtran/Documents/Solidity/hardhat-fcc/hardhat-lottery/contracts/Raffle.sol
FN:56,constructor
FN:68,enterRaffle
FN:80,checkUpkeep
FN:90,performUpkeep
FN:113,fulfillRandomWords
FN:140,getEntranceFee
FN:144,getRecentWinner
FN:148,getRaffleState
FN:152,getNumWords
FN:156,getInterval
FN:160,getPlayerWithIndex
FNF:11
FNH:0
FNDA:0,constructor
FNDA:0,enterRaffle
FNDA:0,checkUpkeep
FNDA:0,performUpkeep
FNDA:0,fulfillRandomWords
FNDA:0,getEntranceFee
FNDA:0,getRecentWinner
FNDA:0,getRaffleState
FNDA:0,getNumWords
FNDA:0,getInterval
FNDA:0,getPlayerWithIndex
DA:57,0
DA:58,0
DA:59,0
DA:60,0
DA:61,0
DA:62,0
DA:63,0
DA:64,0
DA:69,0
DA:70,0
DA:72,0
DA:73,0
DA:75,0
DA:77,0
DA:83,0
DA:84,0
DA:85,0
DA:86,0
DA:87,0
DA:91,0
DA:93,0
DA:95,0
DA:101,0
DA:102,0
DA:109,0
DA:118,0
DA:119,0
DA:122,0
DA:125,0
DA:126,0
DA:127,0
DA:129,0
DA:130,0
DA:131,0
DA:135,0
DA:141,0
DA:145,0
DA:149,0
DA:153,0
DA:157,0
DA:161,0
LF:41
LH:0
BRDA:69,1,0,0
BRDA:69,1,1,0
BRDA:72,2,0,0
BRDA:72,2,1,0
BRDA:93,3,0,0
BRDA:93,3,1,0
BRDA:130,4,0,0
BRDA:130,4,1,0
BRF:8
BRH:0
end_of_record
TN:
SF:/Users/trungtran/Documents/Solidity/hardhat-fcc/hardhat-lottery/contracts/tests/VRFCoordinatorV2Mock.sol
FNF:0
FNH:0
LF:0
LH:0
BRF:0
BRH:0
end_of_record
